[2025-11-15 14:02:30.877] Registered with coordinator. prev=B:10002
[2025-11-15 14:02:47.333] SENT_DIRECT to A:10001 origin=C seq=1 msg=your existence is meaningless
[2025-11-15 14:02:47.334] RECV origin=C seq=1 from C: your existence is meaningless
[2025-11-15 14:03:32.060] RECV origin=A seq=1 from A: long live the United States
[2025-11-15 14:06:49.215] Registered with coordinator. prev=B:10002
[2025-11-20 20:35:08.554] Registered with coordinator. prev=B:10002
[2025-11-20 20:36:14.630] Registered with coordinator. prev=B:10002
[2025-11-20 20:37:20.368] Registered with coordinator. prev=B:10002
[2025-11-20 20:38:19.443] RECV origin=B seq=1 from B: you are incredible
[2025-11-20 20:42:16.280] Registered with coordinator. prev=B:10002
[2025-11-20 20:42:51.334] SENT_DIRECT to B:10002 origin=C seq=1 msg=don't know what for
[2025-11-20 20:48:22.647] Registered with coordinator. prev=None:None
[2025-11-20 20:48:23.481] CTRL UPDATE_NEXT -> D:10004
[2025-11-20 20:48:54.899] SENT origin=C seq=1 to D:10004 msg=I love pie
[2025-11-20 21:03:16.858] Registered with coordinator. prev=None:None
[2025-11-20 21:03:17.680] CTRL UPDATE_NEXT -> D:10004
[2025-11-20 21:13:50.938] Registered with coordinator. prev=None:None
[2025-11-20 21:13:51.757] CTRL UPDATE_NEXT -> D:10004
[2025-11-20 21:16:28.486] Registered with coordinator. prev=None:None
[2025-11-20 21:16:29.302] CTRL UPDATE_NEXT -> D:10004
[2025-11-20 21:18:00.926] Registered with coordinator. prev=None:None
[2025-11-20 21:18:01.745] CTRL UPDATE_NEXT -> D:10004
[2025-11-20 21:19:18.029] Registered with coordinator. prev=None:None
[2025-11-20 21:19:18.845] CTRL UPDATE_NEXT -> D:10004
[2025-11-20 21:22:41.378] Registered with coordinator. prev=None:None
[2025-11-20 21:22:42.199] CTRL UPDATE_NEXT -> D:10004
[2025-11-20 21:50:30.883] Registered with coordinator. prev=None:None
[2025-11-20 21:50:31.700] CTRL UPDATE_NEXT -> D:10004
[2025-11-20 21:50:57.156] RECV origin=D seq=1 from D: I am alive
[2025-11-20 21:51:08.299] SENT origin=C seq=1 to D:10004 msg=I am the superior letter
[2025-11-20 21:51:23.212] CTRL UPDATE_NEXT -> E:10005
[2025-11-20 21:51:49.730] RECV origin=D seq=3 from D: are you there
[2025-11-20 22:00:20.663] Registered with coordinator. prev=None:None
[2025-11-20 22:00:21.487] CTRL UPDATE_NEXT -> D:10004
[2025-11-20 22:00:34.238] RECV origin=D seq=1 from D: you are great
[2025-11-20 22:00:45.849] CTRL UPDATE_NEXT -> E:10005
[2025-11-20 22:01:06.607] SENT origin=C seq=1 to E:10005 msg=how are you
[2025-11-20 22:01:48.777] Registered with coordinator. prev=None:None
[2025-11-20 22:01:49.612] CTRL UPDATE_NEXT -> D:10004
[2025-11-20 22:02:46.602] RECV origin=D seq=1 from D: how are you
[2025-11-20 22:02:52.421] SENT origin=C seq=1 to D:10004 msg=I am doing fine
[2025-11-20 22:39:58.426] Registered with coordinator. prev=None:None
[2025-11-20 22:39:59.233] CTRL UPDATE_NEXT -> D:10004
[2025-11-20 22:41:35.852] CTRL UPDATE_NEXT -> E:10005
[2025-11-20 22:45:12.141] Registered with coordinator. prev=None:None
[2025-11-20 22:45:12.991] CTRL UPDATE_NEXT -> D:10004
[2025-11-20 22:45:42.315] CTRL UPDATE_NEXT -> E:10005
[2025-11-20 22:46:42.620] Registered with coordinator. prev=None:None
[2025-11-20 22:46:43.445] CTRL UPDATE_NEXT -> D:10004
[2025-11-20 22:47:03.155] CTRL UPDATE_NEXT -> E:10005
[2025-11-20 22:47:37.909] CTRL UPDATE_NEXT -> :
[2025-11-20 22:48:01.115] RECV origin=D seq=2 from D: I am the superior being
