[2025-11-21 14:40:56.068] Registered with coordinator. prev=D:10004
[2025-11-21 14:40:56.887] CTRL UPDATE_NEXT -> F:10006
[2025-11-21 14:40:56.887] CTRL UPDATE_NEXT -> F:10006
[2025-11-21 14:43:49.704] Registered with coordinator. prev=D:10004
[2025-11-21 14:43:50.489] CTRL UPDATE_NEXT -> F:10006
[2025-11-21 14:43:50.489] CTRL UPDATE_NEXT -> F:10006
[2025-11-21 14:46:38.800] Registered with coordinator. prev=D:10004
[2025-11-21 14:46:39.619] CTRL UPDATE_NEXT -> F:10006
[2025-11-21 14:46:39.620] CTRL UPDATE_NEXT -> F:10006
[2025-11-21 15:36:23.146] Registered with coordinator. prev=D:10004
[2025-11-21 15:36:23.938] CTRL UPDATE_NEXT -> F:10006
[2025-11-21 15:36:23.940] CTRL UPDATE_NEXT -> F:10006
[2025-11-21 16:12:01.531] Registered with coordinator. prev=D:10004
[2025-11-21 16:12:02.395] CTRL UPDATE_NEXT -> F:10006
[2025-11-21 16:12:02.396] CTRL UPDATE_NEXT -> F:10006
[2025-11-21 16:12:38.590] Registered with coordinator. prev=D:10004
[2025-11-21 16:12:39.449] CTRL UPDATE_NEXT -> F:10006
[2025-11-21 16:12:39.449] CTRL UPDATE_NEXT -> F:10006
[2025-11-21 16:12:39.450] RECV origin=subcoordinator seq=1 from -: Lorem ipsum dolor sit amet, consectetur adipiscing elit. Donec eu tellus orci. Mauris vel neque a odio eleifend venenatis. Integer eleifend, leo nec rutrum aliquam, ligula quam dignissim risus, ut semper tellus purus vel lectus. Aliquam porttitor suscipit sollicitudin. Duis aliquet sapien sit amet justo aliquam, at molestie lorem dapibus. In faucibus pharetra est, ullamcorper sollicitudin nisi ultrices id. Integer id maximus erat, non tristique augue. Vestibulum feugiat at ipsum sed rutrum. Proin id diam mollis odio aliquet lacinia vitae a mi. Nulla aliquam quis augue at egestas. Nulla eu libero vitae libero sagittis faucibus ut at ante. Phasellus auctor eu massa ut bibendum. In pretium, nunc quis dignissim tempor, dui nisi posuere risus, nec mollis orci est eu quam. Duis varius purus condimentum pellentesque pretium. Donec augue neque, vestibulum ac erat eget, rhoncus eleifend sapien.
[2025-11-21 16:12:39.450] FORWARDED origin=subcoordinator seq=1 to F:10006
[2025-11-21 16:26:11.676] Registered with coordinator. prev=D:10004
[2025-11-21 16:26:12.460] CTRL UPDATE_NEXT -> F:10006
[2025-11-21 16:26:12.460] CTRL UPDATE_NEXT -> F:10006
[2025-11-21 16:26:57.306] Registered with coordinator. prev=D:10004
[2025-11-21 16:26:58.116] CTRL UPDATE_NEXT -> F:10006
[2025-11-21 16:26:58.117] CTRL UPDATE_NEXT -> F:10006
[2025-11-21 16:26:58.117] RECV origin=subcoordinator seq=1 from -: Lorem ipsum dolor sit amet, consectetur adipiscing elit. Donec eu tellus orci. Mauris vel neque a odio eleifend venenatis. Integer eleifend, leo nec rutrum aliquam, ligula quam dignissim risus, ut semper tellus purus vel lectus. Aliquam porttitor suscipit sollicitudin. Duis aliquet sapien sit amet justo aliquam, at molestie lorem dapibus. In faucibus pharetra est, ullamcorper sollicitudin nisi ultrices id. Integer id maximus erat, non tristique augue. Vestibulum feugiat at ipsum sed rutrum. Proin id diam mollis odio aliquet lacinia vitae a mi. Nulla aliquam quis augue at egestas. Nulla eu libero vitae libero sagittis faucibus ut at ante. Phasellus auctor eu massa ut bibendum. In pretium, nunc quis dignissim tempor, dui nisi posuere risus, nec mollis orci est eu quam. Duis varius purus condimentum pellentesque pretium. Donec augue neque, vestibulum ac erat eget, rhoncus eleifend sapien.
[2025-11-21 16:26:58.117] FORWARDED origin=subcoordinator seq=1 to F:10006
[2025-11-21 16:28:24.022] Registered with coordinator. prev=D:10004
[2025-11-21 16:28:24.851] CTRL UPDATE_NEXT -> F:10006
[2025-11-21 16:28:24.851] CTRL UPDATE_NEXT -> F:10006
[2025-11-21 16:28:24.852] RECV origin=subcoordinator seq=1 from -: Lorem ipsum dolor sit amet, consectetur adipiscing elit. Donec eu tellus orci. Mauris vel neque a odio eleifend venenatis. Integer eleifend, leo nec rutrum aliquam, ligula quam dignissim risus, ut semper tellus purus vel lectus. Aliquam porttitor suscipit sollicitudin. Duis aliquet sapien sit amet justo aliquam, at molestie lorem dapibus. In faucibus pharetra est, ullamcorper sollicitudin nisi ultrices id. Integer id maximus erat, non tristique augue. Vestibulum feugiat at ipsum sed rutrum. Proin id diam mollis odio aliquet lacinia vitae a mi. Nulla aliquam quis augue at egestas. Nulla eu libero vitae libero sagittis faucibus ut at ante. Phasellus auctor eu massa ut bibendum. In pretium, nunc quis dignissim tempor, dui nisi posuere risus, nec mollis orci est eu quam. Duis varius purus condimentum pellentesque pretium. Donec augue neque, vestibulum ac erat eget, rhoncus eleifend sapien.
[2025-11-21 16:28:24.852] FORWARDED origin=subcoordinator seq=1 to F:10006
[2025-11-21 16:30:20.295] Registered with coordinator. prev=D:10004
[2025-11-21 16:30:21.124] CTRL UPDATE_NEXT -> F:10006
[2025-11-21 16:30:21.125] CTRL UPDATE_NEXT -> F:10006
[2025-11-21 16:30:21.125] RECV origin=subcoordinator seq=1 from -: Lorem ipsum dolor sit amet, consectetur adipiscing elit. Donec eu tellus orci. Mauris vel neque a odio eleifend venenatis. Integer eleifend, leo nec rutrum aliquam, ligula quam dignissim risus, ut semper tellus purus vel lectus. Aliquam porttitor suscipit sollicitudin. Duis aliquet sapien sit amet justo aliquam, at molestie lorem dapibus. In faucibus pharetra est, ullamcorper sollicitudin nisi ultrices id. Integer id maximus erat, non tristique augue. Vestibulum feugiat at ipsum sed rutrum. Proin id diam mollis odio aliquet lacinia vitae a mi. Nulla aliquam quis augue at egestas. Nulla eu libero vitae libero sagittis faucibus ut at ante. Phasellus auctor eu massa ut bibendum. In pretium, nunc quis dignissim tempor, dui nisi posuere risus, nec mollis orci est eu quam. Duis varius purus condimentum pellentesque pretium. Donec augue neque, vestibulum ac erat eget, rhoncus eleifend sapien.
[2025-11-21 16:30:21.125] FORWARDED origin=subcoordinator seq=1 to F:10006
[2025-11-21 16:33:56.236] Registered with coordinator. prev=D:10004
[2025-11-21 16:33:57.058] CTRL UPDATE_NEXT -> F:10006
[2025-11-21 16:33:57.059] CTRL UPDATE_NEXT -> F:10006
[2025-11-21 16:33:57.059] RECV origin=subcoordinator seq=1 from -: Lorem ipsum dolor sit amet, consectetur adipiscing elit. Donec eu tellus orci. Mauris vel neque a odio eleifend venenatis. Integer eleifend, leo nec rutrum aliquam, ligula quam dignissim risus, ut semper tellus purus vel lectus. Aliquam porttitor suscipit sollicitudin. Duis aliquet sapien sit amet justo aliquam, at molestie lorem dapibus. In faucibus pharetra est, ullamcorper sollicitudin nisi ultrices id. Integer id maximus erat, non tristique augue. Vestibulum feugiat at ipsum sed rutrum. Proin id diam mollis odio aliquet lacinia vitae a mi. Nulla aliquam quis augue at egestas. Nulla eu libero vitae libero sagittis faucibus ut at ante. Phasellus auctor eu massa ut bibendum. In pretium, nunc quis dignissim tempor, dui nisi posuere risus, nec mollis orci est eu quam. Duis varius purus condimentum pellentesque pretium. Donec augue neque, vestibulum ac erat eget, rhoncus eleifend sapien.
[2025-11-21 16:33:57.059] FORWARDED origin=subcoordinator seq=1 to F:10006
[2025-11-21 16:35:32.599] Registered with coordinator. prev=D:10004
[2025-11-21 16:35:33.407] CTRL UPDATE_NEXT -> F:10006
[2025-11-21 16:35:33.408] CTRL UPDATE_NEXT -> F:10006
[2025-11-21 16:35:33.408] RECV origin=subcoordinator seq=1 from -: Lorem ipsum dolor sit amet, consectetur adipiscing elit. Donec eu tellus orci. Mauris vel neque a odio eleifend venenatis. Integer eleifend, leo nec rutrum aliquam, ligula quam dignissim risus, ut semper tellus purus vel lectus. Aliquam porttitor suscipit sollicitudin. Duis aliquet sapien sit amet justo aliquam, at molestie lorem dapibus. In faucibus pharetra est, ullamcorper sollicitudin nisi ultrices id. Integer id maximus erat, non tristique augue. Vestibulum feugiat at ipsum sed rutrum. Proin id diam mollis odio aliquet lacinia vitae a mi. Nulla aliquam quis augue at egestas. Nulla eu libero vitae libero sagittis faucibus ut at ante. Phasellus auctor eu massa ut bibendum. In pretium, nunc quis dignissim tempor, dui nisi posuere risus, nec mollis orci est eu quam. Duis varius purus condimentum pellentesque pretium. Donec augue neque, vestibulum ac erat eget, rhoncus eleifend sapien.
[2025-11-21 16:35:33.408] FORWARDED origin=subcoordinator seq=1 to F:10006
[2025-11-21 16:36:52.328] Registered with coordinator. prev=D:10004
[2025-11-21 16:36:53.165] CTRL UPDATE_NEXT -> F:10006
[2025-11-21 16:36:53.165] CTRL UPDATE_NEXT -> F:10006
[2025-11-21 16:36:53.165] RECV origin=subcoordinator seq=1 from -: Lorem ipsum dolor sit amet, consectetur adipiscing elit. Donec eu tellus orci. Mauris vel neque a odio eleifend venenatis. Integer eleifend, leo nec rutrum aliquam, ligula quam dignissim risus, ut semper tellus purus vel lectus. Aliquam porttitor suscipit sollicitudin. Duis aliquet sapien sit amet justo aliquam, at molestie lorem dapibus. In faucibus pharetra est, ullamcorper sollicitudin nisi ultrices id. Integer id maximus erat, non tristique augue. Vestibulum feugiat at ipsum sed rutrum. Proin id diam mollis odio aliquet lacinia vitae a mi. Nulla aliquam quis augue at egestas. Nulla eu libero vitae libero sagittis faucibus ut at ante. Phasellus auctor eu massa ut bibendum. In pretium, nunc quis dignissim tempor, dui nisi posuere risus, nec mollis orci est eu quam. Duis varius purus condimentum pellentesque pretium. Donec augue neque, vestibulum ac erat eget, rhoncus eleifend sapien.
[2025-11-21 16:36:53.165] FORWARDED origin=subcoordinator seq=1 to F:10006
[2025-11-21 16:39:04.568] Registered with coordinator. prev=D:10004
[2025-11-21 16:39:05.379] CTRL UPDATE_NEXT -> F:10006
[2025-11-21 16:39:05.379] CTRL UPDATE_NEXT -> F:10006
[2025-11-21 16:39:05.379] RECV origin=subcoordinator seq=1 from -: Lorem ipsum dolor sit amet, consectetur adipiscing elit. Donec eu tellus orci. Mauris vel neque a odio eleifend venenatis. Integer eleifend, leo nec rutrum aliquam, ligula quam dignissim risus, ut semper tellus purus vel lectus. Aliquam porttitor suscipit sollicitudin. Duis aliquet sapien sit amet justo aliquam, at molestie lorem dapibus. In faucibus pharetra est, ullamcorper sollicitudin nisi ultrices id. Integer id maximus erat, non tristique augue. Vestibulum feugiat at ipsum sed rutrum. Proin id diam mollis odio aliquet lacinia vitae a mi. Nulla aliquam quis augue at egestas. Nulla eu libero vitae libero sagittis faucibus ut at ante. Phasellus auctor eu massa ut bibendum. In pretium, nunc quis dignissim tempor, dui nisi posuere risus, nec mollis orci est eu quam. Duis varius purus condimentum pellentesque pretium. Donec augue neque, vestibulum ac erat eget, rhoncus eleifend sapien.
[2025-11-21 16:39:05.379] FORWARDED origin=subcoordinator seq=1 to F:10006
[2025-11-21 16:41:19.210] Registered with coordinator. prev=D:10004
[2025-11-21 16:41:20.019] CTRL UPDATE_NEXT -> F:10006
[2025-11-21 16:41:20.020] CTRL UPDATE_NEXT -> F:10006
[2025-11-21 16:41:20.020] RECV origin=subcoordinator seq=1 from -: Lorem ipsum dolor sit amet, consectetur adipiscing elit. Donec eu tellus orci. Mauris vel neque a odio eleifend venenatis. Integer eleifend, leo nec rutrum aliquam, ligula quam dignissim risus, ut semper tellus purus vel lectus. Aliquam porttitor suscipit sollicitudin. Duis aliquet sapien sit amet justo aliquam, at molestie lorem dapibus. In faucibus pharetra est, ullamcorper sollicitudin nisi ultrices id. Integer id maximus erat, non tristique augue. Vestibulum feugiat at ipsum sed rutrum. Proin id diam mollis odio aliquet lacinia vitae a mi. Nulla aliquam quis augue at egestas. Nulla eu libero vitae libero sagittis faucibus ut at ante. Phasellus auctor eu massa ut bibendum. In pretium, nunc quis dignissim tempor, dui nisi posuere risus, nec mollis orci est eu quam. Duis varius purus condimentum pellentesque pretium. Donec augue neque, vestibulum ac erat eget, rhoncus eleifend sapien.
[2025-11-21 16:41:20.020] FORWARDED origin=subcoordinator seq=1 to F:10006
[2025-11-21 16:43:37.887] Registered with coordinator. prev=D:10004
[2025-11-21 16:43:38.700] CTRL UPDATE_NEXT -> F:10006
[2025-11-21 16:43:38.701] CTRL UPDATE_NEXT -> F:10006
[2025-11-21 16:43:38.701] RECV origin=subcoordinator seq=1 from -: Lorem ipsum dolor sit amet, consectetur adipiscing elit. Donec eu tellus orci. Mauris vel neque a odio eleifend venenatis. Integer eleifend, leo nec rutrum aliquam, ligula quam dignissim risus, ut semper tellus purus vel lectus. Aliquam porttitor suscipit sollicitudin. Duis aliquet sapien sit amet justo aliquam, at molestie lorem dapibus. In faucibus pharetra est, ullamcorper sollicitudin nisi ultrices id. Integer id maximus erat, non tristique augue. Vestibulum feugiat at ipsum sed rutrum. Proin id diam mollis odio aliquet lacinia vitae a mi. Nulla aliquam quis augue at egestas. Nulla eu libero vitae libero sagittis faucibus ut at ante. Phasellus auctor eu massa ut bibendum. In pretium, nunc quis dignissim tempor, dui nisi posuere risus, nec mollis orci est eu quam. Duis varius purus condimentum pellentesque pretium. Donec augue neque, vestibulum ac erat eget, rhoncus eleifend sapien.
[2025-11-21 16:43:38.701] FORWARDED origin=subcoordinator seq=1 to F:10006
[2025-11-21 16:50:06.180] Registered with coordinator. prev=D:10004
[2025-11-21 16:50:06.965] CTRL UPDATE_NEXT -> F:10006
[2025-11-21 16:50:06.967] CTRL UPDATE_NEXT -> F:10006
[2025-11-21 16:50:06.967] RECV origin=subcoordinator seq=1 from -: Lorem ipsum dolor sit amet, consectetur adipiscing elit. Donec eu tellus orci. Mauris vel neque a odio eleifend venenatis. Integer eleifend, leo nec rutrum aliquam, ligula quam dignissim risus, ut semper tellus purus vel lectus. Aliquam porttitor suscipit sollicitudin. Duis aliquet sapien sit amet justo aliquam, at molestie lorem dapibus. In faucibus pharetra est, ullamcorper sollicitudin nisi ultrices id. Integer id maximus erat, non tristique augue. Vestibulum feugiat at ipsum sed rutrum. Proin id diam mollis odio aliquet lacinia vitae a mi. Nulla aliquam quis augue at egestas. Nulla eu libero vitae libero sagittis faucibus ut at ante. Phasellus auctor eu massa ut bibendum. In pretium, nunc quis dignissim tempor, dui nisi posuere risus, nec mollis orci est eu quam. Duis varius purus condimentum pellentesque pretium. Donec augue neque, vestibulum ac erat eget, rhoncus eleifend sapien.
[2025-11-21 16:50:06.967] FORWARDED origin=subcoordinator seq=1 to F:10006
[2025-11-21 16:50:06.968] RECV origin=subcoordinator seq=2 from -: Aliquam fringilla mattis urna, volutpat egestas odio rutrum et. Aenean blandit convallis nisl, congue fermentum elit faucibus sed. Quisque commodo enim a varius vulputate. Quisque dictum turpis tempus faucibus tristique. Etiam facilisis tempor justo, vitae luctus velit luctus id. Pellentesque arcu libero, tempus sit amet nibh vitae, commodo pulvinar odio. Quisque dapibus, sem ut gravida auctor, risus ante porta ipsum, eu suscipit erat risus ut lectus. Praesent a porta purus. Duis efficitur maximus sapien non volutpat. Pellentesque sit amet velit sollicitudin, egestas nisi ac, maximus dui. Mauris vel orci in lorem ultricies gravida sed lobortis sem. Morbi congue, nisl vitae condimentum ullamcorper, lacus ante interdum ipsum, nec egestas augue magna et magna. Suspendisse id ex sodales, mollis quam eu, malesuada tortor. Vestibulum sollicitudin tellus non nibh eleifend, ut auctor justo efficitur. Donec id nisl iaculis, scelerisque lorem in, iaculis felis.
[2025-11-21 16:50:06.968] FORWARDED origin=subcoordinator seq=2 to F:10006
[2025-11-21 16:50:06.968] RECV origin=subcoordinator seq=3 from -: Sed eros risus, ultrices sed maximus non, posuere a libero. Maecenas et aliquam nunc, ac tincidunt massa. Nulla aliquet, felis non accumsan finibus, libero odio porttitor metus, ut elementum mi dui eget nunc. Etiam fermentum massa eget molestie convallis. Donec iaculis turpis vel dolor finibus, eget vulputate nibh congue. Aenean sit amet sodales diam, a tincidunt nulla. Aliquam tristique lacinia lacus vel consequat. Sed luctus interdum lacus. Proin ac ligula molestie, lacinia nibh vel, rhoncus mi. Donec laoreet molestie leo, at egestas eros. Duis efficitur, enim sed pellentesque varius, ipsum nulla congue nunc, eget dapibus lectus urna non nisi. Vivamus blandit nunc libero, sed faucibus lectus consectetur semper. Cras bibendum odio vel turpis tristique lobortis. Morbi accumsan quis orci accumsan dignissim. Aliquam aliquet libero vitae leo condimentum eleifend. Interdum et malesuada fames ac ante ipsum primis in faucibus.
[2025-11-21 16:50:06.968] FORWARDED origin=subcoordinator seq=3 to F:10006
[2025-11-21 16:50:06.969] RECV origin=subcoordinator seq=4 from -: Suspendisse ut lectus vel erat dictum egestas. Nunc tempus ligula non hendrerit pharetra. Donec eget velit eget lectus efficitur consectetur vitae vitae est. Mauris imperdiet vitae leo quis dictum. Aenean pulvinar sollicitudin nunc vitae tincidunt. Vestibulum suscipit massa elit, vitae tristique lectus scelerisque at. Quisque finibus elit a semper semper. Donec tristique, dui eget molestie eleifend, dolor enim elementum nibh, non mattis quam sapien sagittis velit. Cras volutpat purus lacinia felis bibendum venenatis. Aliquam erat volutpat.
[2025-11-21 16:50:06.969] FORWARDED origin=subcoordinator seq=4 to F:10006
[2025-11-21 16:50:06.969] RECV origin=subcoordinator seq=5 from -: Vestibulum id nibh pulvinar nulla venenatis blandit eu vel nisl. Vestibulum facilisis ultricies tempus. Phasellus sed blandit nulla. Lorem ipsum dolor sit amet, consectetur adipiscing elit. Curabitur sit amet lacus feugiat, laoreet orci non, lobortis magna. Nulla sagittis arcu sed tincidunt condimentum. Praesent lacinia, ligula eget laoreet interdum, ipsum magna aliquam nisi, convallis pharetra nunc sapien vel neque. Morbi porttitor accumsan sagittis. Praesent venenatis efficitur magna eu maximus. Interdum et malesuada fames ac ante ipsum primis in faucibus. Morbi euismod ullamcorper sapien a ultricies. Duis euismod lacus a fermentum scelerisque.
[2025-11-21 16:50:06.969] FORWARDED origin=subcoordinator seq=5 to F:10006
[2025-11-21 16:53:19.028] Registered with coordinator. prev=D:10004
[2025-11-21 16:53:19.842] CTRL UPDATE_NEXT -> F:10006
[2025-11-21 16:53:19.843] CTRL UPDATE_NEXT -> F:10006
[2025-11-21 16:53:24.850] RECV origin=subcoordinator seq=1 from -: Lorem ipsum dolor sit amet, consectetur adipiscing elit. Donec eu tellus orci. Mauris vel neque a odio eleifend venenatis. Integer eleifend, leo nec rutrum aliquam, ligula quam dignissim risus, ut semper tellus purus vel lectus. Aliquam porttitor suscipit sollicitudin. Duis aliquet sapien sit amet justo aliquam, at molestie lorem dapibus. In faucibus pharetra est, ullamcorper sollicitudin nisi ultrices id. Integer id maximus erat, non tristique augue. Vestibulum feugiat at ipsum sed rutrum. Proin id diam mollis odio aliquet lacinia vitae a mi. Nulla aliquam quis augue at egestas. Nulla eu libero vitae libero sagittis faucibus ut at ante. Phasellus auctor eu massa ut bibendum. In pretium, nunc quis dignissim tempor, dui nisi posuere risus, nec mollis orci est eu quam. Duis varius purus condimentum pellentesque pretium. Donec augue neque, vestibulum ac erat eget, rhoncus eleifend sapien.
[2025-11-21 16:53:24.850] FORWARDED origin=subcoordinator seq=1 to F:10006
[2025-11-21 16:53:29.855] RECV origin=subcoordinator seq=2 from -: Aliquam fringilla mattis urna, volutpat egestas odio rutrum et. Aenean blandit convallis nisl, congue fermentum elit faucibus sed. Quisque commodo enim a varius vulputate. Quisque dictum turpis tempus faucibus tristique. Etiam facilisis tempor justo, vitae luctus velit luctus id. Pellentesque arcu libero, tempus sit amet nibh vitae, commodo pulvinar odio. Quisque dapibus, sem ut gravida auctor, risus ante porta ipsum, eu suscipit erat risus ut lectus. Praesent a porta purus. Duis efficitur maximus sapien non volutpat. Pellentesque sit amet velit sollicitudin, egestas nisi ac, maximus dui. Mauris vel orci in lorem ultricies gravida sed lobortis sem. Morbi congue, nisl vitae condimentum ullamcorper, lacus ante interdum ipsum, nec egestas augue magna et magna. Suspendisse id ex sodales, mollis quam eu, malesuada tortor. Vestibulum sollicitudin tellus non nibh eleifend, ut auctor justo efficitur. Donec id nisl iaculis, scelerisque lorem in, iaculis felis.
[2025-11-21 16:53:29.856] FORWARDED origin=subcoordinator seq=2 to F:10006
[2025-11-21 16:53:34.865] RECV origin=subcoordinator seq=3 from -: Sed eros risus, ultrices sed maximus non, posuere a libero. Maecenas et aliquam nunc, ac tincidunt massa. Nulla aliquet, felis non accumsan finibus, libero odio porttitor metus, ut elementum mi dui eget nunc. Etiam fermentum massa eget molestie convallis. Donec iaculis turpis vel dolor finibus, eget vulputate nibh congue. Aenean sit amet sodales diam, a tincidunt nulla. Aliquam tristique lacinia lacus vel consequat. Sed luctus interdum lacus. Proin ac ligula molestie, lacinia nibh vel, rhoncus mi. Donec laoreet molestie leo, at egestas eros. Duis efficitur, enim sed pellentesque varius, ipsum nulla congue nunc, eget dapibus lectus urna non nisi. Vivamus blandit nunc libero, sed faucibus lectus consectetur semper. Cras bibendum odio vel turpis tristique lobortis. Morbi accumsan quis orci accumsan dignissim. Aliquam aliquet libero vitae leo condimentum eleifend. Interdum et malesuada fames ac ante ipsum primis in faucibus.
[2025-11-21 16:53:34.866] FORWARDED origin=subcoordinator seq=3 to F:10006
[2025-11-21 16:53:39.875] RECV origin=subcoordinator seq=4 from -: Suspendisse ut lectus vel erat dictum egestas. Nunc tempus ligula non hendrerit pharetra. Donec eget velit eget lectus efficitur consectetur vitae vitae est. Mauris imperdiet vitae leo quis dictum. Aenean pulvinar sollicitudin nunc vitae tincidunt. Vestibulum suscipit massa elit, vitae tristique lectus scelerisque at. Quisque finibus elit a semper semper. Donec tristique, dui eget molestie eleifend, dolor enim elementum nibh, non mattis quam sapien sagittis velit. Cras volutpat purus lacinia felis bibendum venenatis. Aliquam erat volutpat.
[2025-11-21 16:53:39.876] FORWARDED origin=subcoordinator seq=4 to F:10006
[2025-11-21 16:53:44.884] RECV origin=subcoordinator seq=5 from -: Vestibulum id nibh pulvinar nulla venenatis blandit eu vel nisl. Vestibulum facilisis ultricies tempus. Phasellus sed blandit nulla. Lorem ipsum dolor sit amet, consectetur adipiscing elit. Curabitur sit amet lacus feugiat, laoreet orci non, lobortis magna. Nulla sagittis arcu sed tincidunt condimentum. Praesent lacinia, ligula eget laoreet interdum, ipsum magna aliquam nisi, convallis pharetra nunc sapien vel neque. Morbi porttitor accumsan sagittis. Praesent venenatis efficitur magna eu maximus. Interdum et malesuada fames ac ante ipsum primis in faucibus. Morbi euismod ullamcorper sapien a ultricies. Duis euismod lacus a fermentum scelerisque.
[2025-11-21 16:53:44.884] FORWARDED origin=subcoordinator seq=5 to F:10006
[2025-11-21 16:59:24.210] Registered with coordinator. prev=D:10004
[2025-11-21 16:59:25.028] CTRL UPDATE_NEXT -> F:10006
[2025-11-21 16:59:25.030] CTRL UPDATE_NEXT -> F:10006
[2025-11-21 16:59:30.038] RECV origin=subcoordinator seq=1 from -: Lorem ipsum dolor sit amet, consectetur adipiscing elit. Donec eu tellus orci. Mauris vel neque a odio eleifend venenatis. Integer eleifend, leo nec rutrum aliquam, ligula quam dignissim risus, ut semper tellus purus vel lectus. Aliquam porttitor suscipit sollicitudin. Duis aliquet sapien sit amet justo aliquam, at molestie lorem dapibus. In faucibus pharetra est, ullamcorper sollicitudin nisi ultrices id. Integer id maximus erat, non tristique augue. Vestibulum feugiat at ipsum sed rutrum. Proin id diam mollis odio aliquet lacinia vitae a mi. Nulla aliquam quis augue at egestas. Nulla eu libero vitae libero sagittis faucibus ut at ante. Phasellus auctor eu massa ut bibendum. In pretium, nunc quis dignissim tempor, dui nisi posuere risus, nec mollis orci est eu quam. Duis varius purus condimentum pellentesque pretium. Donec augue neque, vestibulum ac erat eget, rhoncus eleifend sapien.
[2025-11-21 16:59:30.038] FORWARDED origin=subcoordinator seq=1 to F:10006
[2025-11-21 16:59:35.048] RECV origin=subcoordinator seq=2 from -: Aliquam fringilla mattis urna, volutpat egestas odio rutrum et. Aenean blandit convallis nisl, congue fermentum elit faucibus sed. Quisque commodo enim a varius vulputate. Quisque dictum turpis tempus faucibus tristique. Etiam facilisis tempor justo, vitae luctus velit luctus id. Pellentesque arcu libero, tempus sit amet nibh vitae, commodo pulvinar odio. Quisque dapibus, sem ut gravida auctor, risus ante porta ipsum, eu suscipit erat risus ut lectus. Praesent a porta purus. Duis efficitur maximus sapien non volutpat. Pellentesque sit amet velit sollicitudin, egestas nisi ac, maximus dui. Mauris vel orci in lorem ultricies gravida sed lobortis sem. Morbi congue, nisl vitae condimentum ullamcorper, lacus ante interdum ipsum, nec egestas augue magna et magna. Suspendisse id ex sodales, mollis quam eu, malesuada tortor. Vestibulum sollicitudin tellus non nibh eleifend, ut auctor justo efficitur. Donec id nisl iaculis, scelerisque lorem in, iaculis felis.
[2025-11-21 16:59:35.048] FORWARDED origin=subcoordinator seq=2 to F:10006
[2025-11-21 16:59:40.057] RECV origin=subcoordinator seq=3 from -: Sed eros risus, ultrices sed maximus non, posuere a libero. Maecenas et aliquam nunc, ac tincidunt massa. Nulla aliquet, felis non accumsan finibus, libero odio porttitor metus, ut elementum mi dui eget nunc. Etiam fermentum massa eget molestie convallis. Donec iaculis turpis vel dolor finibus, eget vulputate nibh congue. Aenean sit amet sodales diam, a tincidunt nulla. Aliquam tristique lacinia lacus vel consequat. Sed luctus interdum lacus. Proin ac ligula molestie, lacinia nibh vel, rhoncus mi. Donec laoreet molestie leo, at egestas eros. Duis efficitur, enim sed pellentesque varius, ipsum nulla congue nunc, eget dapibus lectus urna non nisi. Vivamus blandit nunc libero, sed faucibus lectus consectetur semper. Cras bibendum odio vel turpis tristique lobortis. Morbi accumsan quis orci accumsan dignissim. Aliquam aliquet libero vitae leo condimentum eleifend. Interdum et malesuada fames ac ante ipsum primis in faucibus.
[2025-11-21 16:59:40.057] FORWARDED origin=subcoordinator seq=3 to F:10006
[2025-11-21 16:59:45.063] RECV origin=subcoordinator seq=4 from -: Suspendisse ut lectus vel erat dictum egestas. Nunc tempus ligula non hendrerit pharetra. Donec eget velit eget lectus efficitur consectetur vitae vitae est. Mauris imperdiet vitae leo quis dictum. Aenean pulvinar sollicitudin nunc vitae tincidunt. Vestibulum suscipit massa elit, vitae tristique lectus scelerisque at. Quisque finibus elit a semper semper. Donec tristique, dui eget molestie eleifend, dolor enim elementum nibh, non mattis quam sapien sagittis velit. Cras volutpat purus lacinia felis bibendum venenatis. Aliquam erat volutpat.
[2025-11-21 16:59:45.064] FORWARDED origin=subcoordinator seq=4 to F:10006
[2025-11-21 16:59:50.072] RECV origin=subcoordinator seq=5 from -: Vestibulum id nibh pulvinar nulla venenatis blandit eu vel nisl. Vestibulum facilisis ultricies tempus. Phasellus sed blandit nulla. Lorem ipsum dolor sit amet, consectetur adipiscing elit. Curabitur sit amet lacus feugiat, laoreet orci non, lobortis magna. Nulla sagittis arcu sed tincidunt condimentum. Praesent lacinia, ligula eget laoreet interdum, ipsum magna aliquam nisi, convallis pharetra nunc sapien vel neque. Morbi porttitor accumsan sagittis. Praesent venenatis efficitur magna eu maximus. Interdum et malesuada fames ac ante ipsum primis in faucibus. Morbi euismod ullamcorper sapien a ultricies. Duis euismod lacus a fermentum scelerisque.
[2025-11-21 16:59:50.072] FORWARDED origin=subcoordinator seq=5 to F:10006
[2025-11-21 17:00:51.104] Registered with coordinator. prev=D:10004
[2025-11-21 17:00:51.927] CTRL UPDATE_NEXT -> F:10006
[2025-11-21 17:00:51.927] CTRL UPDATE_NEXT -> F:10006
[2025-11-21 17:00:58.935] RECV origin=subcoordinator seq=1 from -: Lorem ipsum dolor sit amet, consectetur adipiscing elit. Donec eu tellus orci. Mauris vel neque a odio eleifend venenatis. Integer eleifend, leo nec rutrum aliquam, ligula quam dignissim risus, ut semper tellus purus vel lectus. Aliquam porttitor suscipit sollicitudin. Duis aliquet sapien sit amet justo aliquam, at molestie lorem dapibus. In faucibus pharetra est, ullamcorper sollicitudin nisi ultrices id. Integer id maximus erat, non tristique augue. Vestibulum feugiat at ipsum sed rutrum. Proin id diam mollis odio aliquet lacinia vitae a mi. Nulla aliquam quis augue at egestas. Nulla eu libero vitae libero sagittis faucibus ut at ante. Phasellus auctor eu massa ut bibendum. In pretium, nunc quis dignissim tempor, dui nisi posuere risus, nec mollis orci est eu quam. Duis varius purus condimentum pellentesque pretium. Donec augue neque, vestibulum ac erat eget, rhoncus eleifend sapien.
[2025-11-21 17:00:58.935] FORWARDED origin=subcoordinator seq=1 to F:10006
[2025-11-21 17:01:05.943] RECV origin=subcoordinator seq=2 from -: Aliquam fringilla mattis urna, volutpat egestas odio rutrum et. Aenean blandit convallis nisl, congue fermentum elit faucibus sed. Quisque commodo enim a varius vulputate. Quisque dictum turpis tempus faucibus tristique. Etiam facilisis tempor justo, vitae luctus velit luctus id. Pellentesque arcu libero, tempus sit amet nibh vitae, commodo pulvinar odio. Quisque dapibus, sem ut gravida auctor, risus ante porta ipsum, eu suscipit erat risus ut lectus. Praesent a porta purus. Duis efficitur maximus sapien non volutpat. Pellentesque sit amet velit sollicitudin, egestas nisi ac, maximus dui. Mauris vel orci in lorem ultricies gravida sed lobortis sem. Morbi congue, nisl vitae condimentum ullamcorper, lacus ante interdum ipsum, nec egestas augue magna et magna. Suspendisse id ex sodales, mollis quam eu, malesuada tortor. Vestibulum sollicitudin tellus non nibh eleifend, ut auctor justo efficitur. Donec id nisl iaculis, scelerisque lorem in, iaculis felis.
[2025-11-21 17:01:05.944] FORWARDED origin=subcoordinator seq=2 to F:10006
[2025-11-21 17:01:12.953] RECV origin=subcoordinator seq=3 from -: Sed eros risus, ultrices sed maximus non, posuere a libero. Maecenas et aliquam nunc, ac tincidunt massa. Nulla aliquet, felis non accumsan finibus, libero odio porttitor metus, ut elementum mi dui eget nunc. Etiam fermentum massa eget molestie convallis. Donec iaculis turpis vel dolor finibus, eget vulputate nibh congue. Aenean sit amet sodales diam, a tincidunt nulla. Aliquam tristique lacinia lacus vel consequat. Sed luctus interdum lacus. Proin ac ligula molestie, lacinia nibh vel, rhoncus mi. Donec laoreet molestie leo, at egestas eros. Duis efficitur, enim sed pellentesque varius, ipsum nulla congue nunc, eget dapibus lectus urna non nisi. Vivamus blandit nunc libero, sed faucibus lectus consectetur semper. Cras bibendum odio vel turpis tristique lobortis. Morbi accumsan quis orci accumsan dignissim. Aliquam aliquet libero vitae leo condimentum eleifend. Interdum et malesuada fames ac ante ipsum primis in faucibus.
[2025-11-21 17:01:12.953] FORWARDED origin=subcoordinator seq=3 to F:10006
[2025-11-21 17:01:19.962] RECV origin=subcoordinator seq=4 from -: Suspendisse ut lectus vel erat dictum egestas. Nunc tempus ligula non hendrerit pharetra. Donec eget velit eget lectus efficitur consectetur vitae vitae est. Mauris imperdiet vitae leo quis dictum. Aenean pulvinar sollicitudin nunc vitae tincidunt. Vestibulum suscipit massa elit, vitae tristique lectus scelerisque at. Quisque finibus elit a semper semper. Donec tristique, dui eget molestie eleifend, dolor enim elementum nibh, non mattis quam sapien sagittis velit. Cras volutpat purus lacinia felis bibendum venenatis. Aliquam erat volutpat.
[2025-11-21 17:01:19.963] FORWARDED origin=subcoordinator seq=4 to F:10006
[2025-11-21 17:01:26.972] RECV origin=subcoordinator seq=5 from -: Vestibulum id nibh pulvinar nulla venenatis blandit eu vel nisl. Vestibulum facilisis ultricies tempus. Phasellus sed blandit nulla. Lorem ipsum dolor sit amet, consectetur adipiscing elit. Curabitur sit amet lacus feugiat, laoreet orci non, lobortis magna. Nulla sagittis arcu sed tincidunt condimentum. Praesent lacinia, ligula eget laoreet interdum, ipsum magna aliquam nisi, convallis pharetra nunc sapien vel neque. Morbi porttitor accumsan sagittis. Praesent venenatis efficitur magna eu maximus. Interdum et malesuada fames ac ante ipsum primis in faucibus. Morbi euismod ullamcorper sapien a ultricies. Duis euismod lacus a fermentum scelerisque.
[2025-11-21 17:01:26.972] FORWARDED origin=subcoordinator seq=5 to F:10006
[2025-11-21 17:02:24.310] Registered with coordinator. prev=D:10004
[2025-11-21 17:02:25.127] CTRL UPDATE_NEXT -> F:10006
[2025-11-21 17:02:25.128] CTRL UPDATE_NEXT -> F:10006
[2025-11-21 17:02:32.136] RECV origin=subcoordinator seq=1 from -: Lorem ipsum dolor sit amet, consectetur adipiscing elit. Donec eu tellus orci. Mauris vel neque a odio eleifend venenatis. Integer eleifend, leo nec rutrum aliquam, ligula quam dignissim risus, ut semper tellus purus vel lectus. Aliquam porttitor suscipit sollicitudin. Duis aliquet sapien sit amet justo aliquam, at molestie lorem dapibus. In faucibus pharetra est, ullamcorper sollicitudin nisi ultrices id. Integer id maximus erat, non tristique augue. Vestibulum feugiat at ipsum sed rutrum. Proin id diam mollis odio aliquet lacinia vitae a mi. Nulla aliquam quis augue at egestas. Nulla eu libero vitae libero sagittis faucibus ut at ante. Phasellus auctor eu massa ut bibendum. In pretium, nunc quis dignissim tempor, dui nisi posuere risus, nec mollis orci est eu quam. Duis varius purus condimentum pellentesque pretium. Donec augue neque, vestibulum ac erat eget, rhoncus eleifend sapien.
[2025-11-21 17:02:32.136] FORWARDED origin=subcoordinator seq=1 to F:10006
[2025-11-21 17:02:39.144] RECV origin=subcoordinator seq=2 from -: Aliquam fringilla mattis urna, volutpat egestas odio rutrum et. Aenean blandit convallis nisl, congue fermentum elit faucibus sed. Quisque commodo enim a varius vulputate. Quisque dictum turpis tempus faucibus tristique. Etiam facilisis tempor justo, vitae luctus velit luctus id. Pellentesque arcu libero, tempus sit amet nibh vitae, commodo pulvinar odio. Quisque dapibus, sem ut gravida auctor, risus ante porta ipsum, eu suscipit erat risus ut lectus. Praesent a porta purus. Duis efficitur maximus sapien non volutpat. Pellentesque sit amet velit sollicitudin, egestas nisi ac, maximus dui. Mauris vel orci in lorem ultricies gravida sed lobortis sem. Morbi congue, nisl vitae condimentum ullamcorper, lacus ante interdum ipsum, nec egestas augue magna et magna. Suspendisse id ex sodales, mollis quam eu, malesuada tortor. Vestibulum sollicitudin tellus non nibh eleifend, ut auctor justo efficitur. Donec id nisl iaculis, scelerisque lorem in, iaculis felis.
[2025-11-21 17:02:39.144] FORWARDED origin=subcoordinator seq=2 to F:10006
[2025-11-21 17:02:46.153] RECV origin=subcoordinator seq=3 from -: Sed eros risus, ultrices sed maximus non, posuere a libero. Maecenas et aliquam nunc, ac tincidunt massa. Nulla aliquet, felis non accumsan finibus, libero odio porttitor metus, ut elementum mi dui eget nunc. Etiam fermentum massa eget molestie convallis. Donec iaculis turpis vel dolor finibus, eget vulputate nibh congue. Aenean sit amet sodales diam, a tincidunt nulla. Aliquam tristique lacinia lacus vel consequat. Sed luctus interdum lacus. Proin ac ligula molestie, lacinia nibh vel, rhoncus mi. Donec laoreet molestie leo, at egestas eros. Duis efficitur, enim sed pellentesque varius, ipsum nulla congue nunc, eget dapibus lectus urna non nisi. Vivamus blandit nunc libero, sed faucibus lectus consectetur semper. Cras bibendum odio vel turpis tristique lobortis. Morbi accumsan quis orci accumsan dignissim. Aliquam aliquet libero vitae leo condimentum eleifend. Interdum et malesuada fames ac ante ipsum primis in faucibus.
[2025-11-21 17:02:46.154] FORWARDED origin=subcoordinator seq=3 to F:10006
[2025-11-21 17:02:53.158] RECV origin=subcoordinator seq=4 from -: Suspendisse ut lectus vel erat dictum egestas. Nunc tempus ligula non hendrerit pharetra. Donec eget velit eget lectus efficitur consectetur vitae vitae est. Mauris imperdiet vitae leo quis dictum. Aenean pulvinar sollicitudin nunc vitae tincidunt. Vestibulum suscipit massa elit, vitae tristique lectus scelerisque at. Quisque finibus elit a semper semper. Donec tristique, dui eget molestie eleifend, dolor enim elementum nibh, non mattis quam sapien sagittis velit. Cras volutpat purus lacinia felis bibendum venenatis. Aliquam erat volutpat.
[2025-11-21 17:02:53.159] FORWARDED origin=subcoordinator seq=4 to F:10006
[2025-11-21 17:03:00.165] RECV origin=subcoordinator seq=5 from -: Vestibulum id nibh pulvinar nulla venenatis blandit eu vel nisl. Vestibulum facilisis ultricies tempus. Phasellus sed blandit nulla. Lorem ipsum dolor sit amet, consectetur adipiscing elit. Curabitur sit amet lacus feugiat, laoreet orci non, lobortis magna. Nulla sagittis arcu sed tincidunt condimentum. Praesent lacinia, ligula eget laoreet interdum, ipsum magna aliquam nisi, convallis pharetra nunc sapien vel neque. Morbi porttitor accumsan sagittis. Praesent venenatis efficitur magna eu maximus. Interdum et malesuada fames ac ante ipsum primis in faucibus. Morbi euismod ullamcorper sapien a ultricies. Duis euismod lacus a fermentum scelerisque.
[2025-11-21 17:03:00.165] FORWARDED origin=subcoordinator seq=5 to F:10006
[2025-11-21 18:00:19.265] Registered with coordinator. prev=D:10004
[2025-11-21 18:00:20.068] CTRL UPDATE_NEXT -> F:10006
[2025-11-21 18:01:30.135] Registered with coordinator. prev=D:10004
[2025-11-21 18:01:30.963] CTRL UPDATE_NEXT -> F:10006
[2025-11-21 18:01:30.963] CTRL UPDATE_NEXT -> F:10006
[2025-11-21 18:01:37.971] RECV origin=subcoordinator seq=1 from -: Lorem ipsum dolor sit amet, consectetur adipiscing elit. Donec eu tellus orci. Mauris vel neque a odio eleifend venenatis. Integer eleifend, leo nec rutrum aliquam, ligula quam dignissim risus, ut semper tellus purus vel lectus. Aliquam porttitor suscipit sollicitudin. Duis aliquet sapien sit amet justo aliquam, at molestie lorem dapibus. In faucibus pharetra est, ullamcorper sollicitudin nisi ultrices id. Integer id maximus erat, non tristique augue. Vestibulum feugiat at ipsum sed rutrum. Proin id diam mollis odio aliquet lacinia vitae a mi. Nulla aliquam quis augue at egestas. Nulla eu libero vitae libero sagittis faucibus ut at ante. Phasellus auctor eu massa ut bibendum. In pretium, nunc quis dignissim tempor, dui nisi posuere risus, nec mollis orci est eu quam. Duis varius purus condimentum pellentesque pretium. Donec augue neque, vestibulum ac erat eget, rhoncus eleifend sapien.
[2025-11-21 18:01:37.972] FORWARDED origin=subcoordinator seq=1 to F:10006
[2025-11-21 18:01:44.979] RECV origin=subcoordinator seq=2 from -: Aliquam fringilla mattis urna, volutpat egestas odio rutrum et. Aenean blandit convallis nisl, congue fermentum elit faucibus sed. Quisque commodo enim a varius vulputate. Quisque dictum turpis tempus faucibus tristique. Etiam facilisis tempor justo, vitae luctus velit luctus id. Pellentesque arcu libero, tempus sit amet nibh vitae, commodo pulvinar odio. Quisque dapibus, sem ut gravida auctor, risus ante porta ipsum, eu suscipit erat risus ut lectus. Praesent a porta purus. Duis efficitur maximus sapien non volutpat. Pellentesque sit amet velit sollicitudin, egestas nisi ac, maximus dui. Mauris vel orci in lorem ultricies gravida sed lobortis sem. Morbi congue, nisl vitae condimentum ullamcorper, lacus ante interdum ipsum, nec egestas augue magna et magna. Suspendisse id ex sodales, mollis quam eu, malesuada tortor. Vestibulum sollicitudin tellus non nibh eleifend, ut auctor justo efficitur. Donec id nisl iaculis, scelerisque lorem in, iaculis felis.
[2025-11-21 18:01:44.980] FORWARDED origin=subcoordinator seq=2 to F:10006
[2025-11-21 18:01:51.988] RECV origin=subcoordinator seq=3 from -: Sed eros risus, ultrices sed maximus non, posuere a libero. Maecenas et aliquam nunc, ac tincidunt massa. Nulla aliquet, felis non accumsan finibus, libero odio porttitor metus, ut elementum mi dui eget nunc. Etiam fermentum massa eget molestie convallis. Donec iaculis turpis vel dolor finibus, eget vulputate nibh congue. Aenean sit amet sodales diam, a tincidunt nulla. Aliquam tristique lacinia lacus vel consequat. Sed luctus interdum lacus. Proin ac ligula molestie, lacinia nibh vel, rhoncus mi. Donec laoreet molestie leo, at egestas eros. Duis efficitur, enim sed pellentesque varius, ipsum nulla congue nunc, eget dapibus lectus urna non nisi. Vivamus blandit nunc libero, sed faucibus lectus consectetur semper. Cras bibendum odio vel turpis tristique lobortis. Morbi accumsan quis orci accumsan dignissim. Aliquam aliquet libero vitae leo condimentum eleifend. Interdum et malesuada fames ac ante ipsum primis in faucibus.
[2025-11-21 18:01:51.989] FORWARDED origin=subcoordinator seq=3 to F:10006
[2025-11-21 18:01:58.998] RECV origin=subcoordinator seq=4 from -: Suspendisse ut lectus vel erat dictum egestas. Nunc tempus ligula non hendrerit pharetra. Donec eget velit eget lectus efficitur consectetur vitae vitae est. Mauris imperdiet vitae leo quis dictum. Aenean pulvinar sollicitudin nunc vitae tincidunt. Vestibulum suscipit massa elit, vitae tristique lectus scelerisque at. Quisque finibus elit a semper semper. Donec tristique, dui eget molestie eleifend, dolor enim elementum nibh, non mattis quam sapien sagittis velit. Cras volutpat purus lacinia felis bibendum venenatis. Aliquam erat volutpat.
[2025-11-21 18:01:58.998] FORWARDED origin=subcoordinator seq=4 to F:10006
[2025-11-21 18:02:06.008] RECV origin=subcoordinator seq=5 from -: Vestibulum id nibh pulvinar nulla venenatis blandit eu vel nisl. Vestibulum facilisis ultricies tempus. Phasellus sed blandit nulla. Lorem ipsum dolor sit amet, consectetur adipiscing elit. Curabitur sit amet lacus feugiat, laoreet orci non, lobortis magna. Nulla sagittis arcu sed tincidunt condimentum. Praesent lacinia, ligula eget laoreet interdum, ipsum magna aliquam nisi, convallis pharetra nunc sapien vel neque. Morbi porttitor accumsan sagittis. Praesent venenatis efficitur magna eu maximus. Interdum et malesuada fames ac ante ipsum primis in faucibus. Morbi euismod ullamcorper sapien a ultricies. Duis euismod lacus a fermentum scelerisque.
[2025-11-21 18:02:06.008] FORWARDED origin=subcoordinator seq=5 to F:10006
